# JRE version: Java(TM) SE Runtime Environment (8.0_221-b11) (build 1.8.0_221-b11)
# Java VM: Java HotSpot(TM) Client VM (25.221-b11 mixed mode windows-x86 )
Heap:
 def new generation   total 5184K, used 4141K [0x03e00000, 0x04390000, 0x09350000)
  eden space 4672K,  85% used [0x03e00000, 0x041e50d8, 0x04290000)
  from space 512K,  29% used [0x04310000, 0x043365c8, 0x04390000)
  to   space 512K,   0% used [0x04290000, 0x04290000, 0x04310000)
 tenured generation   total 11288K, used 9254K [0x09350000, 0x09e56000, 0x13e00000)
   the space 11288K,  81% used [0x09350000, 0x09c59a98, 0x09c59c00, 0x09e56000)
 Metaspace       used 15794K, capacity 16408K, committed 16512K, reserved 16768K
GC Heap History (10 events):
Event: 14.553 GC heap before
{Heap before GC invocations=27 (full 1):
 def new generation   total 5184K, used 4975K [0x03e00000, 0x04390000, 0x09350000)
  eden space 4672K, 100% used [0x03e00000, 0x04290000, 0x04290000)
  from space 512K,  59% used [0x04290000, 0x042dbd78, 0x04310000)
  to   space 512K,   0% used [0x04310000, 0x04310000, 0x04390000)
 tenured generation   total 11288K, used 8967K [0x09350000, 0x09e56000, 0x13e00000)
   the space 11288K,  79% used [0x09350000, 0x09c11fb0, 0x09c12000, 0x09e56000)
 Metaspace       used 15181K, capacity 15727K, committed 15744K, reserved 15744K
Event: 14.556 GC heap after
Heap after GC invocations=28 (full 1):
 def new generation   total 5184K, used 498K [0x03e00000, 0x04390000, 0x09350000)
  eden space 4672K,   0% used [0x03e00000, 0x03e00000, 0x04290000)
  from space 512K,  97% used [0x04310000, 0x0438ca40, 0x04390000)
  to   space 512K,   0% used [0x04290000, 0x04290000, 0x04310000)
 tenured generation   total 11288K, used 8995K [0x09350000, 0x09e56000, 0x13e00000)
   the space 11288K,  79% used [0x09350000, 0x09c18d80, 0x09c18e00, 0x09e56000)
 Metaspace       used 15181K, capacity 15727K, committed 15744K, reserved 15744K
}
Event: 21.804 GC heap before
{Heap before GC invocations=28 (full 1):
 def new generation   total 5184K, used 5170K [0x03e00000, 0x04390000, 0x09350000)
  eden space 4672K, 100% used [0x03e00000, 0x04290000, 0x04290000)
  from space 512K,  97% used [0x04310000, 0x0438ca40, 0x04390000)
  to   space 512K,   0% used [0x04290000, 0x04290000, 0x04310000)
 tenured generation   total 11288K, used 8995K [0x09350000, 0x09e56000, 0x13e00000)
   the space 11288K,  79% used [0x09350000, 0x09c18d80, 0x09c18e00, 0x09e56000)
 Metaspace       used 15449K, capacity 16015K, committed 16128K, reserved 16768K
Event: 21.806 GC heap after
Heap after GC invocations=29 (full 1):
 def new generation   total 5184K, used 332K [0x03e00000, 0x04390000, 0x09350000)
  eden space 4672K,   0% used [0x03e00000, 0x03e00000, 0x04290000)
  from space 512K,  64% used [0x04290000, 0x042e3280, 0x04310000)
  to   space 512K,   0% used [0x04310000, 0x04310000, 0x04390000)
 tenured generation   total 11288K, used 9179K [0x09350000, 0x09e56000, 0x13e00000)
   the space 11288K,  81% used [0x09350000, 0x09c46fd8, 0x09c47000, 0x09e56000)
 Metaspace       used 15449K, capacity 16015K, committed 16128K, reserved 16768K
}
Event: 30.484 GC heap before
{Heap before GC invocations=29 (full 1):
 def new generation   total 5184K, used 5004K [0x03e00000, 0x04390000, 0x09350000)
  eden space 4672K, 100% used [0x03e00000, 0x04290000, 0x04290000)
  from space 512K,  64% used [0x04290000, 0x042e3280, 0x04310000)
  to   space 512K,   0% used [0x04310000, 0x04310000, 0x04390000)
 tenured generation   total 11288K, used 9179K [0x09350000, 0x09e56000, 0x13e00000)
   the space 11288K,  81% used [0x09350000, 0x09c46fd8, 0x09c47000, 0x09e56000)
 Metaspace       used 15589K, capacity 16200K, committed 16256K, reserved 16768K
Event: 30.487 GC heap after
Heap after GC invocations=30 (full 1):
 def new generation   total 5184K, used 227K [0x03e00000, 0x04390000, 0x09350000)
  eden space 4672K,   0% used [0x03e00000, 0x03e00000, 0x04290000)
  from space 512K,  44% used [0x04310000, 0x04348d28, 0x04390000)
  to   space 512K,   0% used [0x04290000, 0x04290000, 0x04310000)
 tenured generation   total 11288K, used 9254K [0x09350000, 0x09e56000, 0x13e00000)
   the space 11288K,  81% used [0x09350000, 0x09c59a98, 0x09c59c00, 0x09e56000)
 Metaspace       used 15589K, capacity 16200K, committed 16256K, reserved 16768K
}
Event: 128.698 GC heap before
{Heap before GC invocations=30 (full 1):
 def new generation   total 5184K, used 4899K [0x03e00000, 0x04390000, 0x09350000)
  eden space 4672K, 100% used [0x03e00000, 0x04290000, 0x04290000)
  from space 512K,  44% used [0x04310000, 0x04348d28, 0x04390000)
  to   space 512K,   0% used [0x04290000, 0x04290000, 0x04310000)
 tenured generation   total 11288K, used 9254K [0x09350000, 0x09e56000, 0x13e00000)
   the space 11288K,  81% used [0x09350000, 0x09c59a98, 0x09c59c00, 0x09e56000)
 Metaspace       used 15703K, capacity 16312K, committed 16384K, reserved 16768K
Event: 128.700 GC heap after
Heap after GC invocations=31 (full 1):
 def new generation   total 5184K, used 172K [0x03e00000, 0x04390000, 0x09350000)
  eden space 4672K,   0% used [0x03e00000, 0x03e00000, 0x04290000)
  from space 512K,  33% used [0x04290000, 0x042bb208, 0x04310000)
  to   space 512K,   0% used [0x04310000, 0x04310000, 0x04390000)
 tenured generation   total 11288K, used 9254K [0x09350000, 0x09e56000, 0x13e00000)
   the space 11288K,  81% used [0x09350000, 0x09c59a98, 0x09c59c00, 0x09e56000)
 Metaspace       used 15703K, capacity 16312K, committed 16384K, reserved 16768K
}
Event: 370.709 GC heap before
{Heap before GC invocations=31 (full 1):
 def new generation   total 5184K, used 4844K [0x03e00000, 0x04390000, 0x09350000)
  eden space 4672K, 100% used [0x03e00000, 0x04290000, 0x04290000)
  from space 512K,  33% used [0x04290000, 0x042bb208, 0x04310000)
  to   space 512K,   0% used [0x04310000, 0x04310000, 0x04390000)
 tenured generation   total 11288K, used 9254K [0x09350000, 0x09e56000, 0x13e00000)
   the space 11288K,  81% used [0x09350000, 0x09c59a98, 0x09c59c00, 0x09e56000)
 Metaspace       used 15726K, capacity 16344K, committed 16384K, reserved 16768K
Event: 370.713 GC heap after
Heap after GC invocations=32 (full 1):
 def new generation   total 5184K, used 153K [0x03e00000, 0x04390000, 0x09350000)
  eden space 4672K,   0% used [0x03e00000, 0x03e00000, 0x04290000)
  from space 512K,  29% used [0x04310000, 0x043365c8, 0x04390000)
  to   space 512K,   0% used [0x04290000, 0x04290000, 0x04310000)
 tenured generation   total 11288K, used 9254K [0x09350000, 0x09e56000, 0x13e00000)
   the space 11288K,  81% used [0x09350000, 0x09c59a98, 0x09c59c00, 0x09e56000)
 Metaspace       used 15726K, capacity 16344K, committed 16384K, reserved 16768K
}

